
> react-typescript-starter@0.1.0 test
> react-scripts test --coverage

PASS src/App.test.tsx
  ✓ renders the course name somewhere (169 ms)

-------------------|---------|----------|---------|---------|------------------------------------
File               | % Stmts | % Branch | % Funcs | % Lines | Uncovered Line #s                  
-------------------|---------|----------|---------|---------|------------------------------------
All files          |   48.48 |       50 |      28 |   48.48 |                                    
 src               |     100 |      100 |     100 |     100 |                                    
  App.tsx          |     100 |      100 |     100 |     100 |                                    
  interfaces.ts    |       0 |        0 |       0 |       0 |                                    
 src/assets        |     100 |      100 |     100 |     100 |                                    
  instances.tsx    |     100 |      100 |     100 |     100 |                                    
 src/components    |   34.61 |       50 |      25 |   34.61 |                                    
  Item.tsx         |      20 |       50 |      20 |      20 | 18-59,85-90                        
  components.tsx   |   41.37 |       50 |      25 |   41.37 | 54,59-63,65-69,71-75,77-81,142-185 
  dropDownMenu.tsx |   66.66 |      100 |      50 |   66.66 | 10                                 
-------------------|---------|----------|---------|---------|------------------------------------
Test Suites: 1 passed, 1 total
Tests:       1 passed, 1 total
Snapshots:   0 total
Time:        2.686 s
Ran all test suites.
